#
# There is insufficient memory for the Java Runtime Environment to continue.
# Native memory allocation (malloc) failed to allocate 1048576 bytes. Error detail: AllocateHeap
# Possible reasons:
#   The system is out of physical RAM or swap space
#   This process is running with CompressedOops enabled, and the Java Heap may be blocking the growth of the native heap
# Possible solutions:
#   Reduce memory load on the system
#   Increase physical memory or swap space
#   Check if swap backing store is full
#   Decrease Java heap size (-Xmx/-Xms)
#   Decrease number of Java threads
#   Decrease Java thread stack sizes (-Xss)
#   Set larger code cache with -XX:ReservedCodeCacheSize=
#   JVM is running with Unscaled Compressed Oops mode in which the Java heap is
#     placed in the first 4GB address space. The Java Heap base address is the
#     maximum limit for the native heap growth. Please use -XX:HeapBaseMinAddress
#     to set the Java Heap base and to place the Java Heap above 4GB virtual address.
# This output file may be truncated or incomplete.
#
#  Out of Memory Error (allocation.cpp:44), pid=26432, tid=28708
#
# JRE version: OpenJDK Runtime Environment Temurin-21.0.10+7 (21.0.10+7) (build 21.0.10+7-LTS)
# Java VM: OpenJDK 64-Bit Server VM Temurin-21.0.10+7 (21.0.10+7-LTS, mixed mode, sharing, tiered, compressed oops, compressed class ptrs, parallel gc, windows-amd64)
# No core dump will be written. Minidumps are not enabled by default on client versions of Windows
#

---------------  S U M M A R Y ------------

Command Line: --add-modules=ALL-SYSTEM --add-opens=java.base/java.util=ALL-UNNAMED --add-opens=java.base/java.lang=ALL-UNNAMED --add-opens=java.base/sun.nio.fs=ALL-UNNAMED -Declipse.application=org.eclipse.jdt.ls.core.id1 -Dosgi.bundles.defaultStartLevel=4 -Declipse.product=org.eclipse.jdt.ls.core.product -Djava.import.generatesMetadataFilesAtProjectRoot=false -DDetectVMInstallationsJob.disabled=true -Dfile.encoding=utf8 -XX:+UseParallelGC -XX:GCTimeRatio=4 -XX:AdaptiveSizePolicyWeight=90 -Dsun.zip.disableMemoryMapping=true -Xmx2G -Xms100m -Xlog:disable -javaagent:c:\Users\LENOVO\.vscode\extensions\redhat.java-1.53.0-win32-x64\lombok\lombok-1.18.39-4050.jar -XX:+HeapDumpOnOutOfMemoryError -XX:HeapDumpPath=c:\Users\LENOVO\AppData\Roaming\Code\User\workspaceStorage\02529ef47c2b7c3a1d28494513486d9f\redhat.java -Daether.dependencyCollector.impl=bf c:\Users\LENOVO\.vscode\extensions\redhat.java-1.53.0-win32-x64\server\plugins\org.eclipse.equinox.launcher_1.7.100.v20251111-0406.jar -configuration c:\Users\LENOVO\AppData\Roaming\Code\User\globalStorage\redhat.java\1.53.0\config_win -data c:\Users\LENOVO\AppData\Roaming\Code\User\workspaceStorage\02529ef47c2b7c3a1d28494513486d9f\redhat.java\jdt_ws --pipe=\\.\pipe\lsp-8c946e450f2f0475c978125bbea1f90d-sock

Host: AMD Ryzen 5 5600H with Radeon Graphics         , 12 cores, 5G,  Windows 11 , 64 bit Build 26100 (10.0.26100.7920)
Time: Sat Mar 28 12:28:21 2026 India Standard Time elapsed time: 1635.333648 seconds (0d 0h 27m 15s)

---------------  T H R E A D  ---------------

Current thread (0x000001f384836600):  JavaThread "Attach Listener" daemon [_thread_in_vm, id=28708, stack(0x0000001328400000,0x0000001328500000) (1024K)]

Stack: [0x0000001328400000,0x0000001328500000]
Native frames: (J=compiled Java code, j=interpreted, Vv=VM code, C=native code)
V  [jvm.dll+0x6d7a39]
V  [jvm.dll+0x8b4b26]
V  [jvm.dll+0x8b70de]
V  [jvm.dll+0x8b77c3]
V  [jvm.dll+0x284346]
V  [jvm.dll+0xc1277]
V  [jvm.dll+0x6d82e9]
V  [jvm.dll+0x1334a6]
V  [jvm.dll+0x3f857e]
V  [jvm.dll+0x85f59d]
V  [jvm.dll+0x6d626d]
C  [ucrtbase.dll+0x37b0]
C  [KERNEL32.DLL+0x2e8d7]
C  [ntdll.dll+0x8c48c]


---------------  P R O C E S S  ---------------

Threads class SMR info:
_java_thread_list=0x000001f3ebd2bd00, length=39, elements={
0x000001f38478e5a0, 0x000001f38473d0d0, 0x000001f384831410, 0x000001f3848359a0,
0x000001f384836600, 0x000001f384839170, 0x000001f384839bd0, 0x000001f38483df80,
0x000001f384844060, 0x000001f3dd749360, 0x000001f3dd8c2bb0, 0x000001f3e318a210,
0x000001f3e30457c0, 0x000001f3e303bf10, 0x000001f3de607350, 0x000001f3e344b860,
0x000001f3e33ca870, 0x000001f3e36d06b0, 0x000001f3dd8b4750, 0x000001f3e398b6d0,
0x000001f3e398de30, 0x000001f3e398bd60, 0x000001f3e398ca80, 0x000001f3e398d7a0,
0x000001f3e398d110, 0x000001f3e398e4c0, 0x000001f3e398b040, 0x000001f3e3991940,
0x000001f3e3991fd0, 0x000001f3e398eb50, 0x000001f3e3992660, 0x000001f3e398f870,
0x000001f3e39912b0, 0x000001f3e398ff00, 0x000001f3e398f1e0, 0x000001f3e3990590,
0x000001f3e3990c20, 0x000001f3e626cc40, 0x000001f3e63fd020
}

Java Threads: ( => current thread )
  0x000001f38478e5a0 JavaThread "main"                              [_thread_blocked, id=29748, stack(0x0000001327d00000,0x0000001327e00000) (1024K)]
  0x000001f38473d0d0 JavaThread "Reference Handler"          daemon [_thread_blocked, id=2720, stack(0x0000001328100000,0x0000001328200000) (1024K)]
  0x000001f384831410 JavaThread "Finalizer"                  daemon [_thread_blocked, id=12400, stack(0x0000001328200000,0x0000001328300000) (1024K)]
  0x000001f3848359a0 JavaThread "Signal Dispatcher"          daemon [_thread_blocked, id=39912, stack(0x0000001328300000,0x0000001328400000) (1024K)]
=>0x000001f384836600 JavaThread "Attach Listener"            daemon [_thread_in_vm, id=28708, stack(0x0000001328400000,0x0000001328500000) (1024K)]
  0x000001f384839170 JavaThread "Service Thread"             daemon [_thread_blocked, id=39764, stack(0x0000001328500000,0x0000001328600000) (1024K)]
  0x000001f384839bd0 JavaThread "Monitor Deflation Thread"   daemon [_thread_blocked, id=1660, stack(0x0000001328600000,0x0000001328700000) (1024K)]
  0x000001f38483df80 JavaThread "C2 CompilerThread0"         daemon [_thread_blocked, id=37972, stack(0x0000001328700000,0x0000001328800000) (1024K)]
  0x000001f384844060 JavaThread "C1 CompilerThread0"         daemon [_thread_blocked, id=3484, stack(0x0000001328800000,0x0000001328900000) (1024K)]
  0x000001f3dd749360 JavaThread "Common-Cleaner"             daemon [_thread_blocked, id=28876, stack(0x0000001328900000,0x0000001328a00000) (1024K)]
  0x000001f3dd8c2bb0 JavaThread "Notification Thread"        daemon [_thread_blocked, id=10084, stack(0x0000001328a00000,0x0000001328b00000) (1024K)]
  0x000001f3e318a210 JavaThread "Active Thread: Equinox Container: f7f90038-cbf3-41c2-8c0e-5ea42510b458"        [_thread_blocked, id=33992, stack(0x0000001329200000,0x0000001329300000) (1024K)]
  0x000001f3e30457c0 JavaThread "Refresh Thread: Equinox Container: f7f90038-cbf3-41c2-8c0e-5ea42510b458" daemon [_thread_blocked, id=25732, stack(0x0000001329300000,0x0000001329400000) (1024K)]
  0x000001f3e303bf10 JavaThread "Framework Event Dispatcher: Equinox Container: f7f90038-cbf3-41c2-8c0e-5ea42510b458" daemon [_thread_blocked, id=3964, stack(0x0000001329400000,0x0000001329500000) (1024K)]
  0x000001f3de607350 JavaThread "Start Level: Equinox Container: f7f90038-cbf3-41c2-8c0e-5ea42510b458" daemon [_thread_blocked, id=34592, stack(0x0000001329500000,0x0000001329600000) (1024K)]
  0x000001f3e344b860 JavaThread "Bundle File Closer"         daemon [_thread_blocked, id=13696, stack(0x0000001329800000,0x0000001329900000) (1024K)]
  0x000001f3e33ca870 JavaThread "SCR Component Actor"        daemon [_thread_blocked, id=24616, stack(0x0000001329900000,0x0000001329a00000) (1024K)]
  0x000001f3e36d06b0 JavaThread "Worker-JM"                         [_thread_blocked, id=35560, stack(0x0000001329b00000,0x0000001329c00000) (1024K)]
  0x000001f3dd8b4750 JavaThread "JNA Cleaner"                daemon [_thread_blocked, id=22452, stack(0x0000001329c00000,0x0000001329d00000) (1024K)]
  0x000001f3e398b6d0 JavaThread "Java indexing"              daemon [_thread_blocked, id=32172, stack(0x0000001329f00000,0x000000132a000000) (1024K)]
  0x000001f3e398de30 JavaThread "Worker-3"                          [_thread_blocked, id=41360, stack(0x000000132a300000,0x000000132a400000) (1024K)]
  0x000001f3e398bd60 JavaThread "Worker-4"                          [_thread_blocked, id=39352, stack(0x000000132a400000,0x000000132a500000) (1024K)]
  0x000001f3e398ca80 JavaThread "Thread-1"                   daemon [_thread_in_native, id=29968, stack(0x000000132a500000,0x000000132a600000) (1024K)]
  0x000001f3e398d7a0 JavaThread "Thread-2"                   daemon [_thread_in_native, id=32912, stack(0x000000132a600000,0x000000132a700000) (1024K)]
  0x000001f3e398d110 JavaThread "Thread-3"                   daemon [_thread_in_native, id=40520, stack(0x000000132a700000,0x000000132a800000) (1024K)]
  0x000001f3e398e4c0 JavaThread "Thread-4"                   daemon [_thread_in_native, id=30732, stack(0x000000132a800000,0x000000132a900000) (1024K)]
  0x000001f3e398b040 JavaThread "Thread-5"                   daemon [_thread_in_native, id=39556, stack(0x000000132a900000,0x000000132aa00000) (1024K)]
  0x000001f3e3991940 JavaThread "Thread-6"                   daemon [_thread_in_native, id=34180, stack(0x000000132aa00000,0x000000132ab00000) (1024K)]
  0x000001f3e3991fd0 JavaThread "Thread-7"                   daemon [_thread_in_native, id=35424, stack(0x000000132ab00000,0x000000132ac00000) (1024K)]
  0x000001f3e398eb50 JavaThread "Thread-8"                   daemon [_thread_in_native, id=41284, stack(0x000000132ac00000,0x000000132ad00000) (1024K)]
  0x000001f3e3992660 JavaThread "Thread-9"                   daemon [_thread_in_native, id=32932, stack(0x000000132ad00000,0x000000132ae00000) (1024K)]
  0x000001f3e398f870 JavaThread "Thread-10"                  daemon [_thread_in_native, id=992, stack(0x000000132ae00000,0x000000132af00000) (1024K)]
  0x000001f3e39912b0 JavaThread "Thread-11"                  daemon [_thread_in_native, id=8848, stack(0x000000132af00000,0x000000132b000000) (1024K)]
  0x000001f3e398ff00 JavaThread "Thread-12"                  daemon [_thread_in_native, id=29096, stack(0x000000132b000000,0x000000132b100000) (1024K)]
  0x000001f3e398f1e0 JavaThread "Thread-13"                  daemon [_thread_in_native, id=30908, stack(0x000000132b100000,0x000000132b200000) (1024K)]
  0x000001f3e3990590 JavaThread "pool-2-thread-1"                   [_thread_blocked, id=40072, stack(0x000000132b200000,0x000000132b300000) (1024K)]
  0x000001f3e3990c20 JavaThread "WorkspaceEventsHandler"            [_thread_blocked, id=38792, stack(0x000000132b300000,0x000000132b400000) (1024K)]
  0x000001f3e626cc40 JavaThread "pool-1-thread-1"                   [_thread_blocked, id=36368, stack(0x000000132b400000,0x000000132b500000) (1024K)]
  0x000001f3e63fd020 JavaThread "Cleaner-0"                  daemon [_thread_blocked, id=1896, stack(0x000000132c600000,0x000000132c700000) (1024K)]
Total: 39

Other Threads:
  0x000001f38482faa0 VMThread "VM Thread"                           [id=24700, stack(0x0000001328000000,0x0000001328100000) (1024K)]
  0x000001f38461ca00 WatcherThread "VM Periodic Task Thread"        [id=32068, stack(0x0000001327f00000,0x0000001328000000) (1024K)]
  0x000001f3847ac790 WorkerThread "GC Thread#0"                     [id=40780, stack(0x0000001327e00000,0x0000001327f00000) (1024K)]
  0x000001f3de90bfb0 WorkerThread "GC Thread#1"                     [id=25004, stack(0x0000001328c00000,0x0000001328d00000) (1024K)]
  0x000001f3ded261f0 WorkerThread "GC Thread#2"                     [id=35860, stack(0x0000001328d00000,0x0000001328e00000) (1024K)]
  0x000001f3de8f32f0 WorkerThread "GC Thread#3"                     [id=8112, stack(0x0000001328e00000,0x0000001328f00000) (1024K)]
  0x000001f3de8f36a0 WorkerThread "GC Thread#4"                     [id=37100, stack(0x0000001328f00000,0x0000001329000000) (1024K)]
  0x000001f3de8f3a50 WorkerThread "GC Thread#5"                     [id=2088, stack(0x0000001329000000,0x0000001329100000) (1024K)]
  0x000001f3de8f4210 WorkerThread "GC Thread#6"                     [id=22856, stack(0x0000001329100000,0x0000001329200000) (1024K)]
  0x000001f3e3044ab0 WorkerThread "GC Thread#7"                     [id=26468, stack(0x0000001328b00000,0x0000001328c00000) (1024K)]
  0x000001f3dd7966c0 WorkerThread "GC Thread#8"                     [id=24348, stack(0x0000001329600000,0x0000001329700000) (1024K)]
  0x000001f3decb5760 WorkerThread "GC Thread#9"                     [id=34948, stack(0x0000001329700000,0x0000001329800000) (1024K)]
Total: 12

Threads with active compile tasks:
Total: 0

VM state: not at safepoint (normal execution)

VM Mutex/Monitor currently owned by a thread: None

Heap address: 0x0000000080000000, size: 2048 MB, Compressed Oops mode: 32-bit

CDS archive(s) mapped at: [0x000001f39c000000-0x000001f39cba0000-0x000001f39cba0000), size 12189696, SharedBaseAddress: 0x000001f39c000000, ArchiveRelocationMode: 1.
Compressed class space mapped at: 0x000001f39d000000-0x000001f3dd000000, reserved size: 1073741824
Narrow klass base: 0x000001f39c000000, Narrow klass shift: 0, Narrow klass range: 0x100000000

GC Precious Log:
 CardTable entry size: 512
 CPUs: 12 total, 12 available
 Memory: 5996M
 Large Page Support: Disabled
 NUMA Support: Disabled
 Compressed Oops: Enabled (32-bit)
 Alignments: Space 512K, Generation 512K, Heap 2M
 Heap Min Capacity: 100M
 Heap Initial Capacity: 100M
 Heap Max Capacity: 2G
 Pre-touch: Disabled
 Parallel Workers: 10

Heap:
 PSYoungGen      total 2560K, used 1735K [0x00000000d5580000, 0x00000000d5980000, 0x0000000100000000)
  eden space 2048K, 70% used [0x00000000d5580000,0x00000000d56e9cc0,0x00000000d5780000)
  from space 512K, 56% used [0x00000000d5900000,0x00000000d5948000,0x00000000d5980000)
  to   space 512K, 0% used [0x00000000d5880000,0x00000000d5880000,0x00000000d5900000)
 ParOldGen       total 625664K, used 625196K [0x0000000080000000, 0x00000000a6300000, 0x00000000d5580000)
  object space 625664K, 99% used [0x0000000080000000,0x00000000a628b018,0x00000000a6300000)
 Metaspace       used 72769K, committed 74368K, reserved 1179648K
  class space    used 7620K, committed 8320K, reserved 1048576K

Card table byte_map: [0x000001f384130000,0x000001f384540000] _byte_map_base: 0x000001f383d30000

Marking Bits: (ParMarkBitMap*) 0x00007fffd01b3450
 Begin Bits: [0x000001f396c40000, 0x000001f398c40000)
 End Bits:   [0x000001f398c40000, 0x000001f39ac40000)

Polling page: 0x000001f382590000

Metaspace:

Usage:
  Non-class:     63.62 MB used.
      Class:      7.44 MB used.
       Both:     71.06 MB used.

Virtual space:
  Non-class space:      128.00 MB reserved,      64.50 MB ( 50%) committed,  2 nodes.
      Class space:        1.00 GB reserved,       8.12 MB ( <1%) committed,  1 nodes.
             Both:        1.12 GB reserved,      72.62 MB (  6%) committed. 

Chunk freelists:
   Non-Class:  14.92 MB
       Class:  7.86 MB
        Both:  22.78 MB

MaxMetaspaceSize: unlimited
CompressedClassSpaceSize: 1.00 GB
Initial GC threshold: 21.00 MB
Current GC threshold: 98.12 MB
CDS: on
 - commit_granule_bytes: 65536.
 - commit_granule_words: 8192.
 - virtual_space_node_default_size: 8388608.
 - enlarge_chunks_in_place: 1.
 - use_allocation_guard: 0.


Internal statistics:

num_allocs_failed_limit: 15.
num_arena_births: 1334.
num_arena_deaths: 14.
num_vsnodes_births: 3.
num_vsnodes_deaths: 0.
num_space_committed: 1162.
num_space_uncommitted: 0.
num_chunks_returned_to_freelist: 29.
num_chunks_taken_from_freelist: 4681.
num_chunk_merges: 8.
num_chunk_splits: 2826.
num_chunks_enlarged: 1524.
num_inconsistent_stats: 0.

CodeHeap 'non-profiled nmethods': size=120000Kb used=12103Kb max_used=12103Kb free=107896Kb
 bounds [0x000001f38f460000, 0x000001f390040000, 0x000001f396990000]
CodeHeap 'profiled nmethods': size=120000Kb used=32486Kb max_used=32486Kb free=87514Kb
 bounds [0x000001f387990000, 0x000001f389950000, 0x000001f38eec0000]
CodeHeap 'non-nmethods': size=5760Kb used=1496Kb max_used=1568Kb free=4263Kb
 bounds [0x000001f38eec0000, 0x000001f38f130000, 0x000001f38f460000]
CodeCache: size=245760Kb, used=46085Kb, max_used=46157Kb, free=199673Kb
 total_blobs=14795, nmethods=13979, adapters=721, full_count=0
Compilation: enabled, stopped_count=0, restarted_count=0

Compilation events (20 events):
Event: 1113.150 Thread 0x000001f384844060 14768       3       java.util.concurrent.ScheduledThreadPoolExecutor$DelayedWorkQueue::take (5 bytes)
Event: 1113.151 Thread 0x000001f384844060 nmethod 14768 0x000001f389946a90 code [0x000001f389946c40, 0x000001f389946d98]
Event: 1122.171 Thread 0x000001f384844060 14770       3       java.util.concurrent.ScheduledThreadPoolExecutor::triggerTime (22 bytes)
Event: 1122.172 Thread 0x000001f384844060 nmethod 14770 0x000001f389946e90 code [0x000001f389947040, 0x000001f389947220]
Event: 1122.172 Thread 0x000001f384844060 14771       3       java.util.concurrent.ScheduledThreadPoolExecutor$DelayedWorkQueue::add (9 bytes)
Event: 1122.173 Thread 0x000001f384844060 nmethod 14771 0x000001f389947310 code [0x000001f3899474e0, 0x000001f3899477b8]
Event: 1122.173 Thread 0x000001f384844060 14772       3       java.util.concurrent.ScheduledThreadPoolExecutor$DelayedWorkQueue::add (6 bytes)
Event: 1122.173 Thread 0x000001f384844060 nmethod 14772 0x000001f389947890 code [0x000001f389947a40, 0x000001f389947b98]
Event: 1132.178 Thread 0x000001f384844060 14773       3       java.util.concurrent.locks.AbstractQueuedSynchronizer$ConditionObject::enableWait (84 bytes)
Event: 1132.179 Thread 0x000001f384844060 nmethod 14773 0x000001f389947c90 code [0x000001f389947ea0, 0x000001f3899484d8]
Event: 1132.179 Thread 0x000001f384844060 14774       3       java.util.concurrent.locks.AbstractQueuedSynchronizer$Node::setStatusRelaxed (12 bytes)
Event: 1132.180 Thread 0x000001f384844060 nmethod 14774 0x000001f389948710 code [0x000001f3899488a0, 0x000001f3899489b8]
Event: 1142.179 Thread 0x000001f384844060 14775       3       java.util.concurrent.ScheduledThreadPoolExecutor$ScheduledFutureTask::run (57 bytes)
Event: 1142.181 Thread 0x000001f384844060 nmethod 14775 0x000001f389948a90 code [0x000001f389948cc0, 0x000001f389949230]
Event: 1302.295 Thread 0x000001f384844060 14776       1       org.eclipse.jdt.ls.core.internal.LanguageServerApplication::getParentProcessId (5 bytes)
Event: 1302.298 Thread 0x000001f384844060 nmethod 14776 0x000001f390031710 code [0x000001f3900318a0, 0x000001f390031968]
Event: 1412.408 Thread 0x000001f38483df80 14777       4       java.util.concurrent.ThreadPoolExecutor::workerCountOf (5 bytes)
Event: 1412.414 Thread 0x000001f38483df80 nmethod 14777 0x000001f390031a10 code [0x000001f390031b80, 0x000001f390031bf0]
Event: 1623.253 Thread 0x000001f384844060 14778       3       java.util.concurrent.locks.AbstractQueuedSynchronizer$Node::clearStatus (12 bytes)
Event: 1623.280 Thread 0x000001f384844060 nmethod 14778 0x000001f389949410 code [0x000001f3899495c0, 0x000001f389949758]

GC Heap History (20 events):
Event: 53.757 GC heap before
{Heap before GC invocations=1062 (full 3):
 PSYoungGen      total 2048K, used 1856K [0x00000000d5580000, 0x00000000d5980000, 0x0000000100000000)
  eden space 1536K, 100% used [0x00000000d5580000,0x00000000d5700000,0x00000000d5700000)
  from space 512K, 62% used [0x00000000d5900000,0x00000000d5950000,0x00000000d5980000)
  to   space 512K, 0% used [0x00000000d5880000,0x00000000d5880000,0x00000000d5900000)
 ParOldGen       total 624128K, used 624003K [0x0000000080000000, 0x00000000a6180000, 0x00000000d5580000)
  object space 624128K, 99% used [0x0000000080000000,0x00000000a6160f80,0x00000000a6180000)
 Metaspace       used 72616K, committed 74112K, reserved 1179648K
  class space    used 7598K, committed 8256K, reserved 1048576K
}
Event: 53.759 GC heap after
{Heap after GC invocations=1062 (full 3):
 PSYoungGen      total 2048K, used 379K [0x00000000d5580000, 0x00000000d5980000, 0x0000000100000000)
  eden space 1536K, 0% used [0x00000000d5580000,0x00000000d5580000,0x00000000d5700000)
  from space 512K, 74% used [0x00000000d5880000,0x00000000d58deec8,0x00000000d5900000)
  to   space 512K, 0% used [0x00000000d5900000,0x00000000d5900000,0x00000000d5980000)
 ParOldGen       total 624128K, used 624083K [0x0000000080000000, 0x00000000a6180000, 0x00000000d5580000)
  object space 624128K, 99% used [0x0000000080000000,0x00000000a6174f80,0x00000000a6180000)
 Metaspace       used 72616K, committed 74112K, reserved 1179648K
  class space    used 7598K, committed 8256K, reserved 1048576K
}
Event: 53.760 GC heap before
{Heap before GC invocations=1063 (full 3):
 PSYoungGen      total 2048K, used 1915K [0x00000000d5580000, 0x00000000d5980000, 0x0000000100000000)
  eden space 1536K, 100% used [0x00000000d5580000,0x00000000d5700000,0x00000000d5700000)
  from space 512K, 74% used [0x00000000d5880000,0x00000000d58deec8,0x00000000d5900000)
  to   space 512K, 0% used [0x00000000d5900000,0x00000000d5900000,0x00000000d5980000)
 ParOldGen       total 624128K, used 624083K [0x0000000080000000, 0x00000000a6180000, 0x00000000d5580000)
  object space 624128K, 99% used [0x0000000080000000,0x00000000a6174f80,0x00000000a6180000)
 Metaspace       used 72616K, committed 74112K, reserved 1179648K
  class space    used 7598K, committed 8256K, reserved 1048576K
}
Event: 53.761 GC heap after
{Heap after GC invocations=1063 (full 3):
 PSYoungGen      total 2048K, used 160K [0x00000000d5580000, 0x00000000d5980000, 0x0000000100000000)
  eden space 1536K, 0% used [0x00000000d5580000,0x00000000d5580000,0x00000000d5700000)
  from space 512K, 31% used [0x00000000d5900000,0x00000000d5928000,0x00000000d5980000)
  to   space 512K, 0% used [0x00000000d5880000,0x00000000d5880000,0x00000000d5900000)
 ParOldGen       total 624640K, used 624295K [0x0000000080000000, 0x00000000a6200000, 0x00000000d5580000)
  object space 624640K, 99% used [0x0000000080000000,0x00000000a61a9e80,0x00000000a6200000)
 Metaspace       used 72616K, committed 74112K, reserved 1179648K
  class space    used 7598K, committed 8256K, reserved 1048576K
}
Event: 53.762 GC heap before
{Heap before GC invocations=1064 (full 3):
 PSYoungGen      total 2048K, used 1696K [0x00000000d5580000, 0x00000000d5980000, 0x0000000100000000)
  eden space 1536K, 100% used [0x00000000d5580000,0x00000000d5700000,0x00000000d5700000)
  from space 512K, 31% used [0x00000000d5900000,0x00000000d5928000,0x00000000d5980000)
  to   space 512K, 0% used [0x00000000d5880000,0x00000000d5880000,0x00000000d5900000)
 ParOldGen       total 624640K, used 624295K [0x0000000080000000, 0x00000000a6200000, 0x00000000d5580000)
  object space 624640K, 99% used [0x0000000080000000,0x00000000a61a9e80,0x00000000a6200000)
 Metaspace       used 72616K, committed 74112K, reserved 1179648K
  class space    used 7598K, committed 8256K, reserved 1048576K
}
Event: 53.763 GC heap after
{Heap after GC invocations=1064 (full 3):
 PSYoungGen      total 2048K, used 320K [0x00000000d5580000, 0x00000000d5980000, 0x0000000100000000)
  eden space 1536K, 0% used [0x00000000d5580000,0x00000000d5580000,0x00000000d5700000)
  from space 512K, 62% used [0x00000000d5880000,0x00000000d58d0000,0x00000000d5900000)
  to   space 512K, 0% used [0x00000000d5900000,0x00000000d5900000,0x00000000d5980000)
 ParOldGen       total 624640K, used 624391K [0x0000000080000000, 0x00000000a6200000, 0x00000000d5580000)
  object space 624640K, 99% used [0x0000000080000000,0x00000000a61c1e80,0x00000000a6200000)
 Metaspace       used 72616K, committed 74112K, reserved 1179648K
  class space    used 7598K, committed 8256K, reserved 1048576K
}
Event: 53.769 GC heap before
{Heap before GC invocations=1065 (full 3):
 PSYoungGen      total 2048K, used 1856K [0x00000000d5580000, 0x00000000d5980000, 0x0000000100000000)
  eden space 1536K, 100% used [0x00000000d5580000,0x00000000d5700000,0x00000000d5700000)
  from space 512K, 62% used [0x00000000d5880000,0x00000000d58d0000,0x00000000d5900000)
  to   space 512K, 0% used [0x00000000d5900000,0x00000000d5900000,0x00000000d5980000)
 ParOldGen       total 624640K, used 624391K [0x0000000080000000, 0x00000000a6200000, 0x00000000d5580000)
  object space 624640K, 99% used [0x0000000080000000,0x00000000a61c1e80,0x00000000a6200000)
 Metaspace       used 72616K, committed 74112K, reserved 1179648K
  class space    used 7598K, committed 8256K, reserved 1048576K
}
Event: 53.770 GC heap after
{Heap after GC invocations=1065 (full 3):
 PSYoungGen      total 2048K, used 370K [0x00000000d5580000, 0x00000000d5980000, 0x0000000100000000)
  eden space 1536K, 0% used [0x00000000d5580000,0x00000000d5580000,0x00000000d5700000)
  from space 512K, 72% used [0x00000000d5900000,0x00000000d595c8a0,0x00000000d5980000)
  to   space 512K, 0% used [0x00000000d5880000,0x00000000d5880000,0x00000000d5900000)
 ParOldGen       total 624640K, used 624455K [0x0000000080000000, 0x00000000a6200000, 0x00000000d5580000)
  object space 624640K, 99% used [0x0000000080000000,0x00000000a61d1e80,0x00000000a6200000)
 Metaspace       used 72616K, committed 74112K, reserved 1179648K
  class space    used 7598K, committed 8256K, reserved 1048576K
}
Event: 53.771 GC heap before
{Heap before GC invocations=1066 (full 3):
 PSYoungGen      total 2048K, used 1906K [0x00000000d5580000, 0x00000000d5980000, 0x0000000100000000)
  eden space 1536K, 100% used [0x00000000d5580000,0x00000000d5700000,0x00000000d5700000)
  from space 512K, 72% used [0x00000000d5900000,0x00000000d595c8a0,0x00000000d5980000)
  to   space 512K, 0% used [0x00000000d5880000,0x00000000d5880000,0x00000000d5900000)
 ParOldGen       total 624640K, used 624455K [0x0000000080000000, 0x00000000a6200000, 0x00000000d5580000)
  object space 624640K, 99% used [0x0000000080000000,0x00000000a61d1e80,0x00000000a6200000)
 Metaspace       used 72616K, committed 74112K, reserved 1179648K
  class space    used 7598K, committed 8256K, reserved 1048576K
}
Event: 53.772 GC heap after
{Heap after GC invocations=1066 (full 3):
 PSYoungGen      total 2048K, used 320K [0x00000000d5580000, 0x00000000d5980000, 0x0000000100000000)
  eden space 1536K, 0% used [0x00000000d5580000,0x00000000d5580000,0x00000000d5700000)
  from space 512K, 62% used [0x00000000d5880000,0x00000000d58d0000,0x00000000d5900000)
  to   space 512K, 0% used [0x00000000d5900000,0x00000000d5900000,0x00000000d5980000)
 ParOldGen       total 624640K, used 624617K [0x0000000080000000, 0x00000000a6200000, 0x00000000d5580000)
  object space 624640K, 99% used [0x0000000080000000,0x00000000a61fa720,0x00000000a6200000)
 Metaspace       used 72616K, committed 74112K, reserved 1179648K
  class space    used 7598K, committed 8256K, reserved 1048576K
}
Event: 53.778 GC heap before
{Heap before GC invocations=1067 (full 3):
 PSYoungGen      total 2048K, used 1856K [0x00000000d5580000, 0x00000000d5980000, 0x0000000100000000)
  eden space 1536K, 100% used [0x00000000d5580000,0x00000000d5700000,0x00000000d5700000)
  from space 512K, 62% used [0x00000000d5880000,0x00000000d58d0000,0x00000000d5900000)
  to   space 512K, 0% used [0x00000000d5900000,0x00000000d5900000,0x00000000d5980000)
 ParOldGen       total 624640K, used 624617K [0x0000000080000000, 0x00000000a6200000, 0x00000000d5580000)
  object space 624640K, 99% used [0x0000000080000000,0x00000000a61fa720,0x00000000a6200000)
 Metaspace       used 72616K, committed 74112K, reserved 1179648K
  class space    used 7598K, committed 8256K, reserved 1048576K
}
Event: 53.779 GC heap after
{Heap after GC invocations=1067 (full 3):
 PSYoungGen      total 2048K, used 391K [0x00000000d5580000, 0x00000000d5980000, 0x0000000100000000)
  eden space 1536K, 0% used [0x00000000d5580000,0x00000000d5580000,0x00000000d5700000)
  from space 512K, 76% used [0x00000000d5900000,0x00000000d5961c30,0x00000000d5980000)
  to   space 512K, 0% used [0x00000000d5880000,0x00000000d5880000,0x00000000d5900000)
 ParOldGen       total 625152K, used 624705K [0x0000000080000000, 0x00000000a6280000, 0x00000000d5580000)
  object space 625152K, 99% used [0x0000000080000000,0x00000000a6210720,0x00000000a6280000)
 Metaspace       used 72616K, committed 74112K, reserved 1179648K
  class space    used 7598K, committed 8256K, reserved 1048576K
}
Event: 53.780 GC heap before
{Heap before GC invocations=1068 (full 3):
 PSYoungGen      total 2048K, used 1927K [0x00000000d5580000, 0x00000000d5980000, 0x0000000100000000)
  eden space 1536K, 100% used [0x00000000d5580000,0x00000000d5700000,0x00000000d5700000)
  from space 512K, 76% used [0x00000000d5900000,0x00000000d5961c30,0x00000000d5980000)
  to   space 512K, 0% used [0x00000000d5880000,0x00000000d5880000,0x00000000d5900000)
 ParOldGen       total 625152K, used 624705K [0x0000000080000000, 0x00000000a6280000, 0x00000000d5580000)
  object space 625152K, 99% used [0x0000000080000000,0x00000000a6210720,0x00000000a6280000)
 Metaspace       used 72616K, committed 74112K, reserved 1179648K
  class space    used 7598K, committed 8256K, reserved 1048576K
}
Event: 53.781 GC heap after
{Heap after GC invocations=1068 (full 3):
 PSYoungGen      total 2560K, used 288K [0x00000000d5580000, 0x00000000d5980000, 0x0000000100000000)
  eden space 2048K, 0% used [0x00000000d5580000,0x00000000d5580000,0x00000000d5780000)
  from space 512K, 56% used [0x00000000d5880000,0x00000000d58c8000,0x00000000d5900000)
  to   space 512K, 0% used [0x00000000d5900000,0x00000000d5900000,0x00000000d5980000)
 ParOldGen       total 625152K, used 624887K [0x0000000080000000, 0x00000000a6280000, 0x00000000d5580000)
  object space 625152K, 99% used [0x0000000080000000,0x00000000a623de18,0x00000000a6280000)
 Metaspace       used 72616K, committed 74112K, reserved 1179648K
  class space    used 7598K, committed 8256K, reserved 1048576K
}
Event: 53.789 GC heap before
{Heap before GC invocations=1069 (full 3):
 PSYoungGen      total 2560K, used 2336K [0x00000000d5580000, 0x00000000d5980000, 0x0000000100000000)
  eden space 2048K, 100% used [0x00000000d5580000,0x00000000d5780000,0x00000000d5780000)
  from space 512K, 56% used [0x00000000d5880000,0x00000000d58c8000,0x00000000d5900000)
  to   space 512K, 0% used [0x00000000d5900000,0x00000000d5900000,0x00000000d5980000)
 ParOldGen       total 625152K, used 624887K [0x0000000080000000, 0x00000000a6280000, 0x00000000d5580000)
  object space 625152K, 99% used [0x0000000080000000,0x00000000a623de18,0x00000000a6280000)
 Metaspace       used 72616K, committed 74112K, reserved 1179648K
  class space    used 7598K, committed 8256K, reserved 1048576K
}
Event: 53.789 GC heap after
{Heap after GC invocations=1069 (full 3):
 PSYoungGen      total 2560K, used 354K [0x00000000d5580000, 0x00000000d5980000, 0x0000000100000000)
  eden space 2048K, 0% used [0x00000000d5580000,0x00000000d5580000,0x00000000d5780000)
  from space 512K, 69% used [0x00000000d5900000,0x00000000d59588a8,0x00000000d5980000)
  to   space 512K, 0% used [0x00000000d5880000,0x00000000d5880000,0x00000000d5900000)
 ParOldGen       total 625152K, used 624991K [0x0000000080000000, 0x00000000a6280000, 0x00000000d5580000)
  object space 625152K, 99% used [0x0000000080000000,0x00000000a6257e18,0x00000000a6280000)
 Metaspace       used 72616K, committed 74112K, reserved 1179648K
  class space    used 7598K, committed 8256K, reserved 1048576K
}
Event: 53.798 GC heap before
{Heap before GC invocations=1070 (full 3):
 PSYoungGen      total 2560K, used 2394K [0x00000000d5580000, 0x00000000d5980000, 0x0000000100000000)
  eden space 2048K, 99% used [0x00000000d5580000,0x00000000d577dfc8,0x00000000d5780000)
  from space 512K, 69% used [0x00000000d5900000,0x00000000d59588a8,0x00000000d5980000)
  to   space 512K, 0% used [0x00000000d5880000,0x00000000d5880000,0x00000000d5900000)
 ParOldGen       total 625152K, used 624991K [0x0000000080000000, 0x00000000a6280000, 0x00000000d5580000)
  object space 625152K, 99% used [0x0000000080000000,0x00000000a6257e18,0x00000000a6280000)
 Metaspace       used 72616K, committed 74112K, reserved 1179648K
  class space    used 7598K, committed 8256K, reserved 1048576K
}
Event: 53.799 GC heap after
{Heap after GC invocations=1070 (full 3):
 PSYoungGen      total 2560K, used 384K [0x00000000d5580000, 0x00000000d5980000, 0x0000000100000000)
  eden space 2048K, 0% used [0x00000000d5580000,0x00000000d5580000,0x00000000d5780000)
  from space 512K, 75% used [0x00000000d5880000,0x00000000d58e0000,0x00000000d5900000)
  to   space 512K, 0% used [0x00000000d5900000,0x00000000d5900000,0x00000000d5980000)
 ParOldGen       total 625152K, used 625079K [0x0000000080000000, 0x00000000a6280000, 0x00000000d5580000)
  object space 625152K, 99% used [0x0000000080000000,0x00000000a626de18,0x00000000a6280000)
 Metaspace       used 72616K, committed 74112K, reserved 1179648K
  class space    used 7598K, committed 8256K, reserved 1048576K
}
Event: 53.897 GC heap before
{Heap before GC invocations=1071 (full 3):
 PSYoungGen      total 2560K, used 2432K [0x00000000d5580000, 0x00000000d5980000, 0x0000000100000000)
  eden space 2048K, 100% used [0x00000000d5580000,0x00000000d5780000,0x00000000d5780000)
  from space 512K, 75% used [0x00000000d5880000,0x00000000d58e0000,0x00000000d5900000)
  to   space 512K, 0% used [0x00000000d5900000,0x00000000d5900000,0x00000000d5980000)
 ParOldGen       total 625152K, used 625079K [0x0000000080000000, 0x00000000a6280000, 0x00000000d5580000)
  object space 625152K, 99% used [0x0000000080000000,0x00000000a626de18,0x00000000a6280000)
 Metaspace       used 72662K, committed 74176K, reserved 1179648K
  class space    used 7601K, committed 8256K, reserved 1048576K
}
Event: 53.899 GC heap after
{Heap after GC invocations=1071 (full 3):
 PSYoungGen      total 2560K, used 288K [0x00000000d5580000, 0x00000000d5980000, 0x0000000100000000)
  eden space 2048K, 0% used [0x00000000d5580000,0x00000000d5580000,0x00000000d5780000)
  from space 512K, 56% used [0x00000000d5900000,0x00000000d5948000,0x00000000d5980000)
  to   space 512K, 0% used [0x00000000d5880000,0x00000000d5880000,0x00000000d5900000)
 ParOldGen       total 625664K, used 625196K [0x0000000080000000, 0x00000000a6300000, 0x00000000d5580000)
  object space 625664K, 99% used [0x0000000080000000,0x00000000a628b018,0x00000000a6300000)
 Metaspace       used 72662K, committed 74176K, reserved 1179648K
  class space    used 7601K, committed 8256K, reserved 1048576K
}

Dll operation events (12 events):
Event: 0.020 Loaded shared library c:\Users\LENOVO\.vscode\extensions\redhat.java-1.53.0-win32-x64\jre\21.0.10-win32-x86_64\bin\java.dll
Event: 0.114 Loaded shared library c:\Users\LENOVO\.vscode\extensions\redhat.java-1.53.0-win32-x64\jre\21.0.10-win32-x86_64\bin\zip.dll
Event: 0.143 Loaded shared library C:\Users\LENOVO\.vscode\extensions\redhat.java-1.53.0-win32-x64\jre\21.0.10-win32-x86_64\bin\instrument.dll
Event: 0.155 Loaded shared library C:\Users\LENOVO\.vscode\extensions\redhat.java-1.53.0-win32-x64\jre\21.0.10-win32-x86_64\bin\net.dll
Event: 0.160 Loaded shared library C:\Users\LENOVO\.vscode\extensions\redhat.java-1.53.0-win32-x64\jre\21.0.10-win32-x86_64\bin\nio.dll
Event: 0.168 Loaded shared library C:\Users\LENOVO\.vscode\extensions\redhat.java-1.53.0-win32-x64\jre\21.0.10-win32-x86_64\bin\zip.dll
Event: 0.218 Loaded shared library C:\Users\LENOVO\.vscode\extensions\redhat.java-1.53.0-win32-x64\jre\21.0.10-win32-x86_64\bin\jimage.dll
Event: 0.425 Loaded shared library c:\Users\LENOVO\.vscode\extensions\redhat.java-1.53.0-win32-x64\jre\21.0.10-win32-x86_64\bin\verify.dll
Event: 8.261 Loaded shared library C:\Users\LENOVO\AppData\Roaming\Code\User\globalStorage\redhat.java\1.53.0\config_win\org.eclipse.equinox.launcher\org.eclipse.equinox.launcher.win32.win32.x86_64_1.3.0.v20260203-2149\eclipse_11919.dll
Event: 19.344 Loaded shared library C:\Users\LENOVO\AppData\Local\Temp\jna--2053026509\jna13565051643875984511.dll
Event: 21.602 Loaded shared library C:\Users\LENOVO\.vscode\extensions\redhat.java-1.53.0-win32-x64\jre\21.0.10-win32-x86_64\bin\sunmscapi.dll
Event: 21.722 Loaded shared library C:\Users\LENOVO\.vscode\extensions\redhat.java-1.53.0-win32-x64\jre\21.0.10-win32-x86_64\bin\extnet.dll

Deoptimization events (20 events):
Event: 53.754 Thread 0x000001f3e398de30 Uncommon trap: trap_request=0xffffffd6 fr.pc=0x000001f38feb4590 relative=0x0000000000001230
Event: 53.754 Thread 0x000001f3e398de30 Uncommon trap: reason=array_check action=maybe_recompile pc=0x000001f38feb4590 method=org.eclipse.jdt.internal.core.JavaProjectElementInfo.getProjectCache(Lorg/eclipse/jdt/internal/core/JavaProject;Z)Lorg/eclipse/jdt/internal/core/JavaProjectElementInfo$P
Event: 53.754 Thread 0x000001f3e398de30 DEOPT PACKING pc=0x000001f38feb4590 sp=0x000000132a3fe8e0
Event: 53.754 Thread 0x000001f3e398de30 DEOPT UNPACKING pc=0x000001f38ef13aa2 sp=0x000000132a3fe8a0 mode 2
Event: 53.887 Thread 0x000001f3e398de30 Uncommon trap: trap_request=0xffffffbe fr.pc=0x000001f38fe4e678 relative=0x0000000000000298
Event: 53.887 Thread 0x000001f3e398de30 Uncommon trap: reason=profile_predicate action=maybe_recompile pc=0x000001f38fe4e678 method=java.util.regex.Pattern$BnM.optimize(Ljava/util/regex/Pattern$Node;)Ljava/util/regex/Pattern$Node; @ 67 c2
Event: 53.887 Thread 0x000001f3e398de30 DEOPT PACKING pc=0x000001f38fe4e678 sp=0x000000132a3fed70
Event: 53.887 Thread 0x000001f3e398de30 DEOPT UNPACKING pc=0x000001f38ef13aa2 sp=0x000000132a3fecf8 mode 2
Event: 53.894 Thread 0x000001f3e398de30 Uncommon trap: trap_request=0xffffffbe fr.pc=0x000001f38fe4e678 relative=0x0000000000000298
Event: 53.894 Thread 0x000001f3e398de30 Uncommon trap: reason=profile_predicate action=maybe_recompile pc=0x000001f38fe4e678 method=java.util.regex.Pattern$BnM.optimize(Ljava/util/regex/Pattern$Node;)Ljava/util/regex/Pattern$Node; @ 67 c2
Event: 53.894 Thread 0x000001f3e398de30 DEOPT PACKING pc=0x000001f38fe4e678 sp=0x000000132a3fed70
Event: 53.894 Thread 0x000001f3e398de30 DEOPT UNPACKING pc=0x000001f38ef13aa2 sp=0x000000132a3fecf8 mode 2
Event: 54.011 Thread 0x000001f3e398de30 Uncommon trap: trap_request=0xffffff45 fr.pc=0x000001f38fc9548c relative=0x0000000000001a6c
Event: 54.011 Thread 0x000001f3e398de30 Uncommon trap: reason=unstable_if action=reinterpret pc=0x000001f38fc9548c method=com.google.gson.stream.JsonWriter.string(Ljava/lang/String;)V @ 145 c2
Event: 54.011 Thread 0x000001f3e398de30 DEOPT PACKING pc=0x000001f38fc9548c sp=0x000000132a3fe240
Event: 54.011 Thread 0x000001f3e398de30 DEOPT UNPACKING pc=0x000001f38ef13aa2 sp=0x000000132a3fe228 mode 2
Event: 54.013 Thread 0x000001f3e398de30 Uncommon trap: trap_request=0xffffffbe fr.pc=0x000001f38fe4e678 relative=0x0000000000000298
Event: 54.013 Thread 0x000001f3e398de30 Uncommon trap: reason=profile_predicate action=maybe_recompile pc=0x000001f38fe4e678 method=java.util.regex.Pattern$BnM.optimize(Ljava/util/regex/Pattern$Node;)Ljava/util/regex/Pattern$Node; @ 67 c2
Event: 54.013 Thread 0x000001f3e398de30 DEOPT PACKING pc=0x000001f38fe4e678 sp=0x000000132a3fed70
Event: 54.013 Thread 0x000001f3e398de30 DEOPT UNPACKING pc=0x000001f38ef13aa2 sp=0x000000132a3fecf8 mode 2

Classes loaded (20 events):
Event: 37.357 Loading class jdk/internal/ref/CleanerImpl$InnocuousThreadFactory
Event: 37.357 Loading class jdk/internal/ref/CleanerImpl$InnocuousThreadFactory done
Event: 37.475 Loading class java/util/LinkedList$LLSpliterator
Event: 37.476 Loading class java/util/LinkedList$LLSpliterator done
Event: 38.248 Loading class java/util/Collections$2
Event: 38.249 Loading class java/util/Collections$2 done
Event: 38.544 Loading class java/lang/invoke/MethodHandleImpl$CountingWrapper$1
Event: 38.544 Loading class java/lang/invoke/MethodHandleImpl$CountingWrapper$1 done
Event: 38.975 Loading class java/util/HashMap$EntrySpliterator
Event: 38.975 Loading class java/util/HashMap$EntrySpliterator done
Event: 53.972 Loading class java/util/stream/ReferencePipeline$4
Event: 53.974 Loading class java/util/stream/ReferencePipeline$4 done
Event: 53.976 Loading class java/util/stream/Nodes$IntFixedNodeBuilder
Event: 53.978 Loading class java/util/stream/Node$Builder$OfInt
Event: 53.979 Loading class java/util/stream/Node$Builder$OfInt done
Event: 53.979 Loading class java/util/stream/Nodes$IntArrayNode
Event: 53.980 Loading class java/util/stream/Nodes$IntArrayNode done
Event: 53.980 Loading class java/util/stream/Nodes$IntFixedNodeBuilder done
Event: 53.980 Loading class java/util/stream/ReferencePipeline$4$1
Event: 53.981 Loading class java/util/stream/ReferencePipeline$4$1 done

Classes unloaded (7 events):
Event: 19.878 Thread 0x000001f38482faa0 Unloading class 0x000001f39d1a4800 'java/lang/invoke/LambdaForm$MH+0x000001f39d1a4800'
Event: 19.878 Thread 0x000001f38482faa0 Unloading class 0x000001f39d1a4400 'java/lang/invoke/LambdaForm$MH+0x000001f39d1a4400'
Event: 19.878 Thread 0x000001f38482faa0 Unloading class 0x000001f39d1a4000 'java/lang/invoke/LambdaForm$MH+0x000001f39d1a4000'
Event: 19.878 Thread 0x000001f38482faa0 Unloading class 0x000001f39d1a3c00 'java/lang/invoke/LambdaForm$MH+0x000001f39d1a3c00'
Event: 19.878 Thread 0x000001f38482faa0 Unloading class 0x000001f39d1a3800 'java/lang/invoke/LambdaForm$BMH+0x000001f39d1a3800'
Event: 19.878 Thread 0x000001f38482faa0 Unloading class 0x000001f39d1a3400 'java/lang/invoke/LambdaForm$DMH+0x000001f39d1a3400'
Event: 19.878 Thread 0x000001f38482faa0 Unloading class 0x000001f39d1a2000 'java/lang/invoke/LambdaForm$DMH+0x000001f39d1a2000'

Classes redefined (0 events):
No events

Internal exceptions (20 events):
Event: 52.113 Thread 0x000001f3e398de30 Exception <a 'sun/nio/fs/WindowsException'{0x00000000d57c9f30}> (0x00000000d57c9f30) 
thrown [s\src\hotspot\share\prims\jni.cpp, line 520]
Event: 52.113 Thread 0x000001f3e398de30 Exception <a 'sun/nio/fs/WindowsException'{0x00000000d57ca798}> (0x00000000d57ca798) 
thrown [s\src\hotspot\share\prims\jni.cpp, line 520]
Event: 52.114 Thread 0x000001f3e398de30 Exception <a 'sun/nio/fs/WindowsException'{0x00000000d57cc1c0}> (0x00000000d57cc1c0) 
thrown [s\src\hotspot\share\prims\jni.cpp, line 520]
Event: 52.114 Thread 0x000001f3e398de30 Exception <a 'sun/nio/fs/WindowsException'{0x00000000d57cca28}> (0x00000000d57cca28) 
thrown [s\src\hotspot\share\prims\jni.cpp, line 520]
Event: 52.114 Thread 0x000001f3e398de30 Exception <a 'sun/nio/fs/WindowsException'{0x00000000d57cdc20}> (0x00000000d57cdc20) 
thrown [s\src\hotspot\share\prims\jni.cpp, line 520]
Event: 52.114 Thread 0x000001f3e398de30 Exception <a 'sun/nio/fs/WindowsException'{0x00000000d57ce338}> (0x00000000d57ce338) 
thrown [s\src\hotspot\share\prims\jni.cpp, line 520]
Event: 52.115 Thread 0x000001f3e398de30 Exception <a 'sun/nio/fs/WindowsException'{0x00000000d57cf790}> (0x00000000d57cf790) 
thrown [s\src\hotspot\share\prims\jni.cpp, line 520]
Event: 52.115 Thread 0x000001f3e398de30 Exception <a 'sun/nio/fs/WindowsException'{0x00000000d57cfff8}> (0x00000000d57cfff8) 
thrown [s\src\hotspot\share\prims\jni.cpp, line 520]
Event: 53.359 Thread 0x000001f3e398de30 Exception <a 'sun/nio/fs/WindowsException'{0x00000000d58be3a8}> (0x00000000d58be3a8) 
thrown [s\src\hotspot\share\prims\jni.cpp, line 520]
Event: 53.359 Thread 0x000001f3e398de30 Exception <a 'sun/nio/fs/WindowsException'{0x00000000d58bf118}> (0x00000000d58bf118) 
thrown [s\src\hotspot\share\prims\jni.cpp, line 520]
Event: 53.360 Thread 0x000001f3e398de30 Exception <a 'sun/nio/fs/WindowsException'{0x00000000d58c0850}> (0x00000000d58c0850) 
thrown [s\src\hotspot\share\prims\jni.cpp, line 520]
Event: 53.360 Thread 0x000001f3e398de30 Exception <a 'sun/nio/fs/WindowsException'{0x00000000d58c14d0}> (0x00000000d58c14d0) 
thrown [s\src\hotspot\share\prims\jni.cpp, line 520]
Event: 53.360 Thread 0x000001f3e398de30 Exception <a 'sun/nio/fs/WindowsException'{0x00000000d58c2bc8}> (0x00000000d58c2bc8) 
thrown [s\src\hotspot\share\prims\jni.cpp, line 520]
Event: 53.360 Thread 0x000001f3e398de30 Exception <a 'sun/nio/fs/WindowsException'{0x00000000d58c3930}> (0x00000000d58c3930) 
thrown [s\src\hotspot\share\prims\jni.cpp, line 520]
Event: 53.360 Thread 0x000001f3e398de30 Exception <a 'sun/nio/fs/WindowsException'{0x00000000d58c4e60}> (0x00000000d58c4e60) 
thrown [s\src\hotspot\share\prims\jni.cpp, line 520]
Event: 53.360 Thread 0x000001f3e398de30 Exception <a 'sun/nio/fs/WindowsException'{0x00000000d58c5bc8}> (0x00000000d58c5bc8) 
thrown [s\src\hotspot\share\prims\jni.cpp, line 520]
Event: 53.361 Thread 0x000001f3e398de30 Exception <a 'sun/nio/fs/WindowsException'{0x00000000d58c7300}> (0x00000000d58c7300) 
thrown [s\src\hotspot\share\prims\jni.cpp, line 520]
Event: 53.361 Thread 0x000001f3e398de30 Exception <a 'sun/nio/fs/WindowsException'{0x00000000d58c7f48}> (0x00000000d58c7f48) 
thrown [s\src\hotspot\share\prims\jni.cpp, line 520]
Event: 54.001 Thread 0x000001f3e398de30 Exception <a 'java/lang/NoSuchMethodError'{0x00000000d55f99f0}: 'java.lang.Object java.lang.invoke.DirectMethodHandle$Holder.invokeStatic(java.lang.Object, java.lang.Object, int, java.lang.Object)'> (0x00000000d55f99f0) 
thrown [s\src\hotspot\share\interpreter\linkResolver.cpp, line 773]
Event: 54.003 Thread 0x000001f3e398de30 Exception <a 'java/lang/NoSuchMethodError'{0x00000000d5600020}: 'java.lang.Object java.lang.invoke.DirectMethodHandle$Holder.newInvokeSpecial(java.lang.Object, java.lang.Object, int)'> (0x00000000d5600020) 
thrown [s\src\hotspot\share\interpreter\linkResolver.cpp, line 773]

ZGC Phase Switch (0 events):
No events

VM Operations (20 events):
Event: 1383.039 Executing non-safepoint VM operation: HandshakeAllThreads (HandshakeForDeflation)
Event: 1383.040 Executing non-safepoint VM operation: HandshakeAllThreads (HandshakeForDeflation) done
Event: 1383.040 Executing non-safepoint VM operation: RendezvousGCThreads
Event: 1383.040 Executing non-safepoint VM operation: RendezvousGCThreads done
Event: 1443.236 Executing non-safepoint VM operation: HandshakeAllThreads (HandshakeForDeflation)
Event: 1443.236 Executing non-safepoint VM operation: HandshakeAllThreads (HandshakeForDeflation) done
Event: 1443.236 Executing non-safepoint VM operation: RendezvousGCThreads
Event: 1443.236 Executing non-safepoint VM operation: RendezvousGCThreads done
Event: 1503.263 Executing non-safepoint VM operation: HandshakeAllThreads (HandshakeForDeflation)
Event: 1503.266 Executing non-safepoint VM operation: HandshakeAllThreads (HandshakeForDeflation) done
Event: 1503.266 Executing non-safepoint VM operation: RendezvousGCThreads
Event: 1503.266 Executing non-safepoint VM operation: RendezvousGCThreads done
Event: 1563.408 Executing non-safepoint VM operation: HandshakeAllThreads (HandshakeForDeflation)
Event: 1563.413 Executing non-safepoint VM operation: HandshakeAllThreads (HandshakeForDeflation) done
Event: 1563.413 Executing non-safepoint VM operation: RendezvousGCThreads
Event: 1563.413 Executing non-safepoint VM operation: RendezvousGCThreads done
Event: 1623.555 Executing non-safepoint VM operation: HandshakeAllThreads (HandshakeForDeflation)
Event: 1623.559 Executing non-safepoint VM operation: HandshakeAllThreads (HandshakeForDeflation) done
Event: 1623.560 Executing non-safepoint VM operation: RendezvousGCThreads
Event: 1623.560 Executing non-safepoint VM operation: RendezvousGCThreads done

Memory protections (0 events):
No events

Nmethod flushes (20 events):
Event: 25.135 Thread 0x000001f38482faa0 flushing  nmethod 0x000001f388257710
Event: 25.135 Thread 0x000001f38482faa0 flushing  nmethod 0x000001f388271b90
Event: 25.135 Thread 0x000001f38482faa0 flushing  nmethod 0x000001f388272710
Event: 25.135 Thread 0x000001f38482faa0 flushing  nmethod 0x000001f38827a810
Event: 25.135 Thread 0x000001f38482faa0 flushing  nmethod 0x000001f38827c390
Event: 25.135 Thread 0x000001f38482faa0 flushing  nmethod 0x000001f3882bf290
Event: 25.135 Thread 0x000001f38482faa0 flushing  nmethod 0x000001f3882e7290
Event: 25.135 Thread 0x000001f38482faa0 flushing  nmethod 0x000001f3882e9910
Event: 25.135 Thread 0x000001f38482faa0 flushing  nmethod 0x000001f3882ea810
Event: 25.135 Thread 0x000001f38482faa0 flushing  nmethod 0x000001f3882eac90
Event: 25.135 Thread 0x000001f38482faa0 flushing  nmethod 0x000001f3882eba10
Event: 25.135 Thread 0x000001f38482faa0 flushing  nmethod 0x000001f388301090
Event: 25.135 Thread 0x000001f38482faa0 flushing  nmethod 0x000001f388301790
Event: 25.135 Thread 0x000001f38482faa0 flushing  nmethod 0x000001f388301d90
Event: 25.135 Thread 0x000001f38482faa0 flushing  nmethod 0x000001f388302c10
Event: 25.135 Thread 0x000001f38482faa0 flushing  nmethod 0x000001f388304410
Event: 25.135 Thread 0x000001f38482faa0 flushing  nmethod 0x000001f388311690
Event: 25.135 Thread 0x000001f38482faa0 flushing  nmethod 0x000001f38832f010
Event: 25.135 Thread 0x000001f38482faa0 flushing  nmethod 0x000001f38837cf90
Event: 25.135 Thread 0x000001f38482faa0 flushing  nmethod 0x000001f388396e10

Events (20 events):
Event: 53.169 Thread 0x000001f3e6401ee0 Thread exited: 0x000001f3e6401ee0
Event: 53.169 Thread 0x000001f3e6403290 Thread exited: 0x000001f3e6403290
Event: 53.615 Thread 0x000001f3e61a6d90 Thread exited: 0x000001f3e61a6d90
Event: 53.699 Thread 0x000001f3e61a3710 Thread exited: 0x000001f3e61a3710
Event: 54.025 Thread 0x000001f384844060 Thread added: 0x000001f3e61a66c0
Event: 59.068 Thread 0x000001f3e61a66c0 Thread exited: 0x000001f3e61a66c0
Event: 102.175 Thread 0x000001f3e626f3a0 Thread exited: 0x000001f3e626f3a0
Event: 111.855 Thread 0x000001f3dd8b40c0 Thread exited: 0x000001f3dd8b40c0
Event: 113.831 Thread 0x000001f3dd8b3a30 Thread exited: 0x000001f3dd8b3a30
Event: 113.831 Thread 0x000001f3e398c3f0 Thread exited: 0x000001f3e398c3f0
Event: 162.183 Thread 0x000001f3e626e680 Thread exited: 0x000001f3e626e680
Event: 222.201 Thread 0x000001f3e626c5b0 Thread exited: 0x000001f3e626c5b0
Event: 282.215 Thread 0x000001f3e626b200 Thread exited: 0x000001f3e626b200
Event: 342.222 Thread 0x000001f3e64004a0 Thread exited: 0x000001f3e64004a0
Event: 402.228 Thread 0x000001f3e63ff780 Thread exited: 0x000001f3e63ff780
Event: 462.244 Thread 0x000001f3e63ff0f0 Thread exited: 0x000001f3e63ff0f0
Event: 522.240 Thread 0x000001f3e6270de0 Thread exited: 0x000001f3e6270de0
Event: 582.254 Thread 0x000001f3e63fea60 Thread exited: 0x000001f3e63fea60
Event: 642.262 Thread 0x000001f3e626ed10 Thread exited: 0x000001f3e626ed10
Event: 702.403 Thread 0x000001f3e63ffe10 Thread exited: 0x000001f3e63ffe10


Dynamic libraries:
0x00007ff6d7080000 - 0x00007ff6d708e000 	c:\Users\LENOVO\.vscode\extensions\redhat.java-1.53.0-win32-x64\jre\21.0.10-win32-x86_64\bin\java.exe
0x00007ff8987c0000 - 0x00007ff898a27000 	C:\WINDOWS\SYSTEM32\ntdll.dll
0x00007ff897dd0000 - 0x00007ff897e99000 	C:\WINDOWS\System32\KERNEL32.DLL
0x00007ff896160000 - 0x00007ff896551000 	C:\WINDOWS\System32\KERNELBASE.dll
0x00007ff895c70000 - 0x00007ff895dbb000 	C:\WINDOWS\System32\ucrtbase.dll
0x00007ff873fc0000 - 0x00007ff873fd8000 	c:\Users\LENOVO\.vscode\extensions\redhat.java-1.53.0-win32-x64\jre\21.0.10-win32-x86_64\bin\jli.dll
0x00007ff86cd20000 - 0x00007ff86cd3e000 	c:\Users\LENOVO\.vscode\extensions\redhat.java-1.53.0-win32-x64\jre\21.0.10-win32-x86_64\bin\VCRUNTIME140.dll
0x00007ff897890000 - 0x00007ff897a55000 	C:\WINDOWS\System32\USER32.dll
0x00007ff8942a0000 - 0x00007ff894533000 	C:\WINDOWS\WinSxS\amd64_microsoft.windows.common-controls_6595b64144ccf1df_6.0.26100.8037_none_3e092faae333b53b\COMCTL32.dll
0x00007ff8950a0000 - 0x00007ff8950c7000 	C:\WINDOWS\System32\win32u.dll
0x00007ff897d20000 - 0x00007ff897dc9000 	C:\WINDOWS\System32\msvcrt.dll
0x00007ff898360000 - 0x00007ff89838b000 	C:\WINDOWS\System32\GDI32.dll
0x00007ff895ab0000 - 0x00007ff895bdb000 	C:\WINDOWS\System32\gdi32full.dll
0x00007ff895f30000 - 0x00007ff895fd3000 	C:\WINDOWS\System32\msvcp_win.dll
0x00007ff8983a0000 - 0x00007ff8983d1000 	C:\WINDOWS\System32\IMM32.DLL
0x00007ff88a0f0000 - 0x00007ff88a0fc000 	c:\Users\LENOVO\.vscode\extensions\redhat.java-1.53.0-win32-x64\jre\21.0.10-win32-x86_64\bin\vcruntime140_1.dll
0x00007ff860720000 - 0x00007ff8607ad000 	c:\Users\LENOVO\.vscode\extensions\redhat.java-1.53.0-win32-x64\jre\21.0.10-win32-x86_64\bin\msvcp140.dll
0x00007fffcf4f0000 - 0x00007fffd0291000 	c:\Users\LENOVO\.vscode\extensions\redhat.java-1.53.0-win32-x64\jre\21.0.10-win32-x86_64\bin\server\jvm.dll
0x00007ff897710000 - 0x00007ff8977cb000 	C:\WINDOWS\System32\ADVAPI32.dll
0x00007ff896730000 - 0x00007ff8967d7000 	C:\WINDOWS\System32\sechost.dll
0x00007ff897b90000 - 0x00007ff897ca8000 	C:\WINDOWS\System32\RPCRT4.dll
0x00007ff896620000 - 0x00007ff896694000 	C:\WINDOWS\System32\WS2_32.dll
0x00007ff88c290000 - 0x00007ff88c2c5000 	C:\WINDOWS\SYSTEM32\WINMM.dll
0x00007ff894f20000 - 0x00007ff894f7e000 	C:\WINDOWS\SYSTEM32\POWRPROF.dll
0x00007ff88d190000 - 0x00007ff88d19b000 	C:\WINDOWS\SYSTEM32\VERSION.dll
0x00007ff894f00000 - 0x00007ff894f14000 	C:\WINDOWS\SYSTEM32\UMPDC.dll
0x00007ff8934d0000 - 0x00007ff8934eb000 	C:\WINDOWS\SYSTEM32\kernel.appcore.dll
0x00007ff88a0c0000 - 0x00007ff88a0ca000 	c:\Users\LENOVO\.vscode\extensions\redhat.java-1.53.0-win32-x64\jre\21.0.10-win32-x86_64\bin\jimage.dll
0x00007ff894870000 - 0x00007ff894ab2000 	C:\WINDOWS\SYSTEM32\DBGHELP.DLL
0x00007ff897050000 - 0x00007ff8973d2000 	C:\WINDOWS\System32\combase.dll
0x00007ff897a60000 - 0x00007ff897b37000 	C:\WINDOWS\System32\OLEAUT32.dll
0x00007ff894740000 - 0x00007ff89477b000 	C:\WINDOWS\SYSTEM32\dbgcore.DLL
0x00007ff895a00000 - 0x00007ff895aa5000 	C:\WINDOWS\System32\bcryptPrimitives.dll
0x00007ff886e20000 - 0x00007ff886e2f000 	c:\Users\LENOVO\.vscode\extensions\redhat.java-1.53.0-win32-x64\jre\21.0.10-win32-x86_64\bin\instrument.dll
0x00007ff86ccd0000 - 0x00007ff86ccf0000 	c:\Users\LENOVO\.vscode\extensions\redhat.java-1.53.0-win32-x64\jre\21.0.10-win32-x86_64\bin\java.dll
0x00007ff8967e0000 - 0x00007ff896f3f000 	C:\WINDOWS\System32\SHELL32.dll
0x00007ff895dc0000 - 0x00007ff895f2a000 	C:\WINDOWS\System32\wintypes.dll
0x00007ff895190000 - 0x00007ff8959f4000 	C:\WINDOWS\System32\windows.storage.dll
0x00007ff896f50000 - 0x00007ff897047000 	C:\WINDOWS\System32\SHCORE.dll
0x00007ff897cb0000 - 0x00007ff897d17000 	C:\WINDOWS\System32\shlwapi.dll
0x00007ff894fc0000 - 0x00007ff894fe9000 	C:\WINDOWS\SYSTEM32\profapi.dll
0x00007ff86c9f0000 - 0x00007ff86ca08000 	c:\Users\LENOVO\.vscode\extensions\redhat.java-1.53.0-win32-x64\jre\21.0.10-win32-x86_64\bin\zip.dll
0x00007ff883930000 - 0x00007ff883940000 	C:\Users\LENOVO\.vscode\extensions\redhat.java-1.53.0-win32-x64\jre\21.0.10-win32-x86_64\bin\net.dll
0x00007ff88cef0000 - 0x00007ff88d017000 	C:\WINDOWS\SYSTEM32\WINHTTP.dll
0x00007ff893a70000 - 0x00007ff893adb000 	C:\WINDOWS\system32\mswsock.dll
0x00007ff86c9d0000 - 0x00007ff86c9e6000 	C:\Users\LENOVO\.vscode\extensions\redhat.java-1.53.0-win32-x64\jre\21.0.10-win32-x86_64\bin\nio.dll
0x00007ff873cb0000 - 0x00007ff873cc0000 	c:\Users\LENOVO\.vscode\extensions\redhat.java-1.53.0-win32-x64\jre\21.0.10-win32-x86_64\bin\verify.dll
0x00007ff86cba0000 - 0x00007ff86cbe5000 	C:\Users\LENOVO\AppData\Roaming\Code\User\globalStorage\redhat.java\1.53.0\config_win\org.eclipse.equinox.launcher\org.eclipse.equinox.launcher.win32.win32.x86_64_1.3.0.v20260203-2149\eclipse_11919.dll
0x00007ff8973f0000 - 0x00007ff897585000 	C:\WINDOWS\System32\ole32.dll
0x00007ff894bc0000 - 0x00007ff894bdb000 	C:\WINDOWS\SYSTEM32\CRYPTSP.dll
0x00007ff893990000 - 0x00007ff8939c9000 	C:\WINDOWS\system32\rsaenh.dll
0x00007ff893b50000 - 0x00007ff893b82000 	C:\WINDOWS\SYSTEM32\USERENV.dll
0x00007ff894f90000 - 0x00007ff894fba000 	C:\WINDOWS\SYSTEM32\bcrypt.dll
0x00007ff893f20000 - 0x00007ff893f2c000 	C:\WINDOWS\SYSTEM32\CRYPTBASE.dll
0x00007ff892ef0000 - 0x00007ff892f23000 	C:\WINDOWS\SYSTEM32\IPHLPAPI.DLL
0x00007ff8973e0000 - 0x00007ff8973ea000 	C:\WINDOWS\System32\NSI.dll
0x00007ff85f9a0000 - 0x00007ff85f9e9000 	C:\Users\LENOVO\AppData\Local\Temp\jna--2053026509\jna13565051643875984511.dll
0x00007ff898390000 - 0x00007ff898398000 	C:\WINDOWS\System32\PSAPI.DLL
0x00007ff88d220000 - 0x00007ff88d23d000 	C:\WINDOWS\SYSTEM32\dhcpcsvc6.DLL
0x00007ff88d1d0000 - 0x00007ff88d1f3000 	C:\WINDOWS\SYSTEM32\dhcpcsvc.DLL
0x00007ff8737f0000 - 0x00007ff8737fe000 	C:\Users\LENOVO\.vscode\extensions\redhat.java-1.53.0-win32-x64\jre\21.0.10-win32-x86_64\bin\sunmscapi.dll
0x00007ff895fe0000 - 0x00007ff896157000 	C:\WINDOWS\System32\CRYPT32.dll
0x00007ff8940a0000 - 0x00007ff8940d0000 	C:\WINDOWS\SYSTEM32\ncrypt.dll
0x00007ff894050000 - 0x00007ff89408f000 	C:\WINDOWS\SYSTEM32\NTASN1.dll
0x00007ff892f80000 - 0x00007ff8930aa000 	C:\WINDOWS\SYSTEM32\DNSAPI.dll
0x00007ff889b90000 - 0x00007ff889b9b000 	C:\Windows\System32\rasadhlp.dll
0x00007ff889c50000 - 0x00007ff889cd6000 	C:\WINDOWS\System32\fwpuclnt.dll
0x00007ff86cd70000 - 0x00007ff86cd79000 	C:\Users\LENOVO\.vscode\extensions\redhat.java-1.53.0-win32-x64\jre\21.0.10-win32-x86_64\bin\extnet.dll

JVMTI agents:
c:\Users\LENOVO\.vscode\extensions\redhat.java-1.53.0-win32-x64\lombok\lombok-1.18.39-4050.jar path:c:\Users\LENOVO\.vscode\extensions\redhat.java-1.53.0-win32-x64\jre\21.0.10-win32-x86_64\bin\instrument.dll, loaded, initialized, instrumentlib options:none

dbghelp: loaded successfully - version: 4.0.5 - missing functions: none
symbol engine: initialized successfully - sym options: 0x614 - pdb path: .;c:\Users\LENOVO\.vscode\extensions\redhat.java-1.53.0-win32-x64\jre\21.0.10-win32-x86_64\bin;C:\WINDOWS\SYSTEM32;C:\WINDOWS\WinSxS\amd64_microsoft.windows.common-controls_6595b64144ccf1df_6.0.26100.8037_none_3e092faae333b53b;c:\Users\LENOVO\.vscode\extensions\redhat.java-1.53.0-win32-x64\jre\21.0.10-win32-x86_64\bin\server;C:\Users\LENOVO\AppData\Roaming\Code\User\globalStorage\redhat.java\1.53.0\config_win\org.eclipse.equinox.launcher\org.eclipse.equinox.launcher.win32.win32.x86_64_1.3.0.v20260203-2149;C:\Users\LENOVO\AppData\Local\Temp\jna--2053026509

VM Arguments:
jvm_args: --add-modules=ALL-SYSTEM --add-opens=java.base/java.util=ALL-UNNAMED --add-opens=java.base/java.lang=ALL-UNNAMED --add-opens=java.base/sun.nio.fs=ALL-UNNAMED -Declipse.application=org.eclipse.jdt.ls.core.id1 -Dosgi.bundles.defaultStartLevel=4 -Declipse.product=org.eclipse.jdt.ls.core.product -Djava.import.generatesMetadataFilesAtProjectRoot=false -DDetectVMInstallationsJob.disabled=true -Dfile.encoding=utf8 -XX:+UseParallelGC -XX:GCTimeRatio=4 -XX:AdaptiveSizePolicyWeight=90 -Dsun.zip.disableMemoryMapping=true -Xmx2G -Xms100m -Xlog:disable -javaagent:c:\Users\LENOVO\.vscode\extensions\redhat.java-1.53.0-win32-x64\lombok\lombok-1.18.39-4050.jar -XX:+HeapDumpOnOutOfMemoryError -XX:HeapDumpPath=c:\Users\LENOVO\AppData\Roaming\Code\User\workspaceStorage\02529ef47c2b7c3a1d28494513486d9f\redhat.java -Daether.dependencyCollector.impl=bf 
java_command: c:\Users\LENOVO\.vscode\extensions\redhat.java-1.53.0-win32-x64\server\plugins\org.eclipse.equinox.launcher_1.7.100.v20251111-0406.jar -configuration c:\Users\LENOVO\AppData\Roaming\Code\User\globalStorage\redhat.java\1.53.0\config_win -data c:\Users\LENOVO\AppData\Roaming\Code\User\workspaceStorage\02529ef47c2b7c3a1d28494513486d9f\redhat.java\jdt_ws --pipe=\\.\pipe\lsp-8c946e450f2f0475c978125bbea1f90d-sock
java_class_path (initial): c:\Users\LENOVO\.vscode\extensions\redhat.java-1.53.0-win32-x64\server\plugins\org.eclipse.equinox.launcher_1.7.100.v20251111-0406.jar
Launcher Type: SUN_STANDARD

[Global flags]
    uintx AdaptiveSizePolicyWeight                 = 90                                        {product} {command line}
     intx CICompilerCount                          = 4                                         {product} {ergonomic}
    uintx GCTimeRatio                              = 4                                         {product} {command line}
     bool HeapDumpOnOutOfMemoryError               = true                                   {manageable} {command line}
    ccstr HeapDumpPath                             = c:\Users\LENOVO\AppData\Roaming\Code\User\workspaceStorage\02529ef47c2b7c3a1d28494513486d9f\redhat.java         {manageable} {command line}
   size_t InitialHeapSize                          = 104857600                                 {product} {command line}
   size_t MaxHeapSize                              = 2147483648                                {product} {command line}
   size_t MaxNewSize                               = 715653120                                 {product} {ergonomic}
   size_t MinHeapDeltaBytes                        = 524288                                    {product} {ergonomic}
   size_t MinHeapSize                              = 104857600                                 {product} {command line}
   size_t NewSize                                  = 34603008                                  {product} {ergonomic}
    uintx NonNMethodCodeHeapSize                   = 5839372                                {pd product} {ergonomic}
    uintx NonProfiledCodeHeapSize                  = 122909434                              {pd product} {ergonomic}
   size_t OldSize                                  = 70254592                                  {product} {ergonomic}
    uintx ProfiledCodeHeapSize                     = 122909434                              {pd product} {ergonomic}
    uintx ReservedCodeCacheSize                    = 251658240                              {pd product} {ergonomic}
     bool SegmentedCodeCache                       = true                                      {product} {ergonomic}
   size_t SoftMaxHeapSize                          = 2147483648                             {manageable} {ergonomic}
     bool UseCompressedOops                        = true                           {product lp64_product} {ergonomic}
     bool UseLargePagesIndividualAllocation        = false                                  {pd product} {ergonomic}
     bool UseParallelGC                            = true                                      {product} {command line}

Logging:
Log output configuration:
 #0: stdout all=off uptime,level,tags foldmultilines=false
 #1: stderr all=off uptime,level,tags foldmultilines=false

Release file:
JAVA_VERSION="21.0.10" 
MODULES="java.base java.compiler java.datatransfer java.xml java.prefs java.desktop java.instrument java.logging java.management java.security.sasl java.naming java.rmi java.management.rmi java.net.http java.scripting java.security.jgss java.transaction.xa java.sql java.sql.rowset java.xml.crypto java.se java.smartcardio jdk.accessibility jdk.internal.jvmstat jdk.attach jdk.charsets jdk.internal.opt jdk.zipfs jdk.compiler jdk.crypto.ec jdk.crypto.cryptoki jdk.crypto.mscapi jdk.dynalink jdk.internal.ed jdk.editpad jdk.hotspot.agent jdk.httpserver jdk.internal.le jdk.internal.vm.ci jdk.internal.vm.compiler jdk.internal.vm.compiler.management jdk.jartool jdk.javadoc jdk.jcmd jdk.management jdk.management.agent jdk.jconsole jdk.jdeps jdk.jdwp.agent jdk.jdi jdk.jfr jdk.jshell jdk.jsobject jdk.jstatd jdk.localedata jdk.management.jfr jdk.naming.dns jdk.naming.rmi jdk.net jdk.nio.mapmode jdk.random jdk.sctp jdk.security.auth jdk.security.jgss jdk.unsupported jdk.unsupported.desktop jdk.xml.dom" 

Environment Variables:
JAVA_HOME=C:\Program Files\Eclipse Adoptium\jdk-21.0.9.10-hotspot
PATH=C:\Users\LENOVO\AppData\Local\Programs\Microsoft VS Code;C:\oracle\product\10.2.0\db_1\bin;C:\Program Files\Eclipse Adoptium\jdk-21.0.9.10-hotspot\bin;C:\Python312\Scripts\;C:\Python312\;C:\Windows\system32;C:\Windows;C:\Windows\System32\Wbem;C:\Windows\System32\WindowsPowerShell\v1.0\;C:\Windows\System32\OpenSSH\;C:\Program Files (x86)\NVIDIA Corporation\PhysX\Common;C:\Program Files\NVIDIA Corporation\NVIDIA NvDLISR;C:\WINDOWS\system32;C:\WINDOWS;C:\WINDOWS\System32\Wbem;C:\WINDOWS\System32\WindowsPowerShell\v1.0\;C:\WINDOWS\System32\OpenSSH\;C:\Program Files\dotnet\;C:\MinGW\bin;C:\Program Files\Java\jdk1.8.0_202\bin;C:\Program Files\nodejs\;C:\ProgramData\chocolatey\bin;C:\Program Files\Git\cmd;C:\xampp\php;C:\ProgramData\ComposerSetup\bin;C:\Program Files\Eclipse Adoptium\jdk-21.0.9.10-hotspot\bin;;C:\Program Files\Docker\Docker\resources\bin;C:\Users\LENOVO\AppData\Local\Programs\Python\Python313\Scripts\;C:\Users\LENOVO\AppData\Local\Programs\Python\Python313\;C:\Users\LENOVO\AppData\Local\Microsoft\WindowsApps;C:\Users\LENOVO\AppData\Local\Programs\Microsoft VS Code\bin;C:\Program Files\JetBrains\IntelliJ IDEA Community Edition 2023.3.1\bin;C:\Users\LENOVO\AppData\Roaming\npm;C:\Users\LENOVO\AppData\Roaming\Composer\vendor\bin;C:\Users\LENOVO\AppData\Local\Programs\IntelliJ IDEA 2025.3.4\bin;C:\Users\LENOVO\AppData\Local\Programs\Antigravity\bin
USERNAME=LENOVO
OS=Windows_NT
PROCESSOR_IDENTIFIER=AMD64 Family 25 Model 80 Stepping 0, AuthenticAMD
TMP=C:\Users\LENOVO\AppData\Local\Temp
TEMP=C:\Users\LENOVO\AppData\Local\Temp




Periodic native trim disabled

---------------  S Y S T E M  ---------------

OS:
 Windows 11 , 64 bit Build 26100 (10.0.26100.7920)
OS uptime: 1 days 0:32 hours
Hyper-V role detected

CPU: total 12 (initial active 12) (12 cores per cpu, 2 threads per core) family 25 model 80 stepping 0 microcode 0xa50000c, cx8, cmov, fxsr, ht, mmx, 3dnowpref, sse, sse2, sse3, ssse3, sse4a, sse4.1, sse4.2, popcnt, lzcnt, tsc, tscinvbit, avx, avx2, aes, erms, clmul, bmi1, bmi2, adx, sha, fma, vzeroupper, clflush, clflushopt, hv, rdtscp, rdpid, fsrm, f16c, cet_ss
Processor Information for processor 0
  Max Mhz: 3301, Current Mhz: 2011, Mhz Limit: 3301
Processor Information for processor 1
  Max Mhz: 3301, Current Mhz: 2011, Mhz Limit: 3301
Processor Information for processor 2
  Max Mhz: 3301, Current Mhz: 3301, Mhz Limit: 3301
Processor Information for processor 3
  Max Mhz: 3301, Current Mhz: 3301, Mhz Limit: 3301
Processor Information for processor 4
  Max Mhz: 3301, Current Mhz: 2011, Mhz Limit: 3301
Processor Information for processor 5
  Max Mhz: 3301, Current Mhz: 2011, Mhz Limit: 3301
Processor Information for processor 6
  Max Mhz: 3301, Current Mhz: 2011, Mhz Limit: 3301
Processor Information for processor 7
  Max Mhz: 3301, Current Mhz: 2011, Mhz Limit: 3301
Processor Information for processor 8
  Max Mhz: 3301, Current Mhz: 2011, Mhz Limit: 3301
Processor Information for processor 9
  Max Mhz: 3301, Current Mhz: 2011, Mhz Limit: 3301
Processor Information for processor 10
  Max Mhz: 3301, Current Mhz: 2011, Mhz Limit: 3301
Processor Information for processor 11
  Max Mhz: 3301, Current Mhz: 3301, Mhz Limit: 3301

Memory: 4k page, system-wide physical 5996M (585M free)
TotalPageFile size 24428M (AvailPageFile size 23M)
current process WorkingSet (physical memory assigned to process): 9M, peak: 424M
current process commit charge ("private bytes"): 911M, peak: 955M

vm_info: OpenJDK 64-Bit Server VM (21.0.10+7-LTS) for windows-amd64 JRE (21.0.10+7-LTS), built on 2026-01-20T00:00:00Z by "admin" with MS VC++ 17.12 (VS2022)

END.
